Using pre-set license
Built from '2020.3/staging' branch; Version is '2020.3.11f1 (99c7afb366b3) revision 10078127'; Using compiler version '192528614'; Build Type 'Release'
OS: 'Windows 10 Pro; OS build 17134.648; Version 1803; 64bit' Language: 'en' Physical Memory: 8139 MB
BatchMode: 1, IsHumanControllingUs: 0, StartBugReporterOnCrash: 0, Is64bit: 1, IsPro: 0

 COMMAND LINE ARGUMENTS:
C:\Program Files\Unity\Hub\Editor\2020.3.11f1\Editor\Unity.exe
-adb2
-batchMode
-noUpm
-name
AssetImportWorker0
-projectPath
D:/3D + game development/game development/Unity Projects/Tafra/Tafra-GameJam/Tafra GameJam
-logFile
Logs/AssetImportWorker0.log
-srvPort
61063
Successfully changed project path to: D:/3D + game development/game development/Unity Projects/Tafra/Tafra-GameJam/Tafra GameJam
D:/3D + game development/game development/Unity Projects/Tafra/Tafra-GameJam/Tafra GameJam
Using Asset Import Pipeline V2.
Refreshing native plugins compatible for Editor in 80.60 ms, found 2 plugins.
Preloading 0 native plugins for Editor in 0.00 ms.
Initialize engine version: 2020.3.11f1 (99c7afb366b3)
[Subsystems] Discovering subsystems at path C:/Program Files/Unity/Hub/Editor/2020.3.11f1/Editor/Data/Resources/UnitySubsystems
[Subsystems] Discovering subsystems at path D:/3D + game development/game development/Unity Projects/Tafra/Tafra-GameJam/Tafra GameJam/Assets
GfxDevice: creating device client; threaded=0
Direct3D:
    Version:  Direct3D 11.0 [level 10.1]
    Renderer: Intel(R) HD Graphics 3000 (ID=0x116)
    Vendor:   
    VRAM:     128 MB
    Driver:   9.17.10.4229
Initialize mono
Mono path[0] = 'C:/Program Files/Unity/Hub/Editor/2020.3.11f1/Editor/Data/Managed'
Mono path[1] = 'C:/Program Files/Unity/Hub/Editor/2020.3.11f1/Editor/Data/MonoBleedingEdge/lib/mono/unityjit'
Mono config path = 'C:/Program Files/Unity/Hub/Editor/2020.3.11f1/Editor/Data/MonoBleedingEdge/etc'
Using monoOptions --debugger-agent=transport=dt_socket,embedding=1,server=y,suspend=n,address=127.0.0.1:56812
Begin MonoManager ReloadAssembly
Registering precompiled unity dll's ...
Register platform support module: C:/Program Files/Unity/Hub/Editor/2020.3.11f1/Editor/Data/PlaybackEngines/WebGLSupport/UnityEditor.WebGL.Extensions.dll
Register platform support module: C:/Program Files/Unity/Hub/Editor/2020.3.11f1/Editor/Data/PlaybackEngines/WindowsStandaloneSupport/UnityEditor.WindowsStandalone.Extensions.dll
Registered in 0.003633 seconds.
Native extension for WindowsStandalone target not found
Native extension for WebGL target not found
Refreshing native plugins compatible for Editor in 83.79 ms, found 2 plugins.
Preloading 0 native plugins for Editor in 0.00 ms.
Mono: successfully reloaded assembly
- Completed reload, in  4.058 seconds
Platform modules already initialized, skipping
Registering precompiled user dll's ...
Registered in 0.006434 seconds.
Begin MonoManager ReloadAssembly
Native extension for WindowsStandalone target not found
Native extension for WebGL target not found
Refreshing native plugins compatible for Editor in 0.78 ms, found 2 plugins.
Preloading 0 native plugins for Editor in 0.00 ms.
Mono: successfully reloaded assembly
- Completed reload, in  2.219 seconds
Platform modules already initialized, skipping
========================================================================
Worker process is ready to serve import requests
Launched and connected shader compiler UnityShaderCompiler.exe after 0.05 seconds
Refreshing native plugins compatible for Editor in 0.71 ms, found 2 plugins.
Preloading 0 native plugins for Editor in 0.00 ms.
Unloading 1616 Unused Serialized files (Serialized files now loaded: 0)
System memory in use before: 75.3 MB.
System memory in use after: 75.4 MB.

Unloading 24 unused Assets to reduce memory usage. Loaded Objects now: 2057.
Total: 3.456043 ms (FindLiveObjects: 0.228915 ms CreateObjectMapping: 0.091477 ms MarkObjects: 2.977686 ms  DeleteObjects: 0.155288 ms)

========================================================================
Received Import Request.
  path: Assets/Prefabs/Enemy.prefab
  artifactKey: Guid(e777f60f702e47349ab20e24adc52764) Importer(815301076,1909f56bfc062723c751e8b465ee728b)
Start importing Assets/Prefabs/Enemy.prefab using Guid(e777f60f702e47349ab20e24adc52764) Importer(815301076,1909f56bfc062723c751e8b465ee728b)  -> (artifact id: '981439c8714eb322b49b43f11b2194ff') in 0.227619 seconds
  Import took 0.273286 seconds .

========================================================================
Received Import Request.
  Time since last request: 85.724810 seconds.
  path: Assets/Scripts/Heart.cs
  artifactKey: Guid(2d85c59a72d482d44b27aaf1fe7370d5) Importer(815301076,1909f56bfc062723c751e8b465ee728b)
Start importing Assets/Scripts/Heart.cs using Guid(2d85c59a72d482d44b27aaf1fe7370d5) Importer(815301076,1909f56bfc062723c751e8b465ee728b)  -> (artifact id: '9c5b9b01b0d550a52cec4b63253611b3') in 0.029180 seconds
  Import took 0.386101 seconds .

========================================================================
Received Import Request.
  Time since last request: 0.148306 seconds.
  path: Assets/Scripts/Enemy.cs
  artifactKey: Guid(41a978c026a806947864102812ba8aaa) Importer(815301076,1909f56bfc062723c751e8b465ee728b)
Start importing Assets/Scripts/Enemy.cs using Guid(41a978c026a806947864102812ba8aaa) Importer(815301076,1909f56bfc062723c751e8b465ee728b)  -> (artifact id: '5f6ae487ad90e44436773b9a2e4ed957') in 0.109178 seconds
  Import took 0.193508 seconds .

========================================================================
Received Prepare
Registering precompiled user dll's ...
Registered in 0.007529 seconds.
Begin MonoManager ReloadAssembly
Native extension for WindowsStandalone target not found
Native extension for WebGL target not found
Refreshing native plugins compatible for Editor in 0.81 ms, found 2 plugins.
Preloading 0 native plugins for Editor in 0.00 ms.
Mono: successfully reloaded assembly
- Completed reload, in  2.665 seconds
Platform modules already initialized, skipping
Refreshing native plugins compatible for Editor in 0.74 ms, found 2 plugins.
Preloading 0 native plugins for Editor in 0.00 ms.
Unloading 1607 Unused Serialized files (Serialized files now loaded: 0)
System memory in use before: 78.0 MB.
System memory in use after: 78.1 MB.

Unloading 15 unused Assets to reduce memory usage. Loaded Objects now: 2067.
Total: 3.575186 ms (FindLiveObjects: 0.226684 ms CreateObjectMapping: 0.091477 ms MarkObjects: 3.159301 ms  DeleteObjects: 0.095047 ms)

========================================================================
Received Prepare
Registering precompiled user dll's ...
Registered in 0.029684 seconds.
Begin MonoManager ReloadAssembly
Native extension for WindowsStandalone target not found
Native extension for WebGL target not found
Refreshing native plugins compatible for Editor in 0.72 ms, found 2 plugins.
Preloading 0 native plugins for Editor in 0.00 ms.
Mono: successfully reloaded assembly
- Completed reload, in  2.556 seconds
Platform modules already initialized, skipping
Refreshing native plugins compatible for Editor in 0.68 ms, found 2 plugins.
Preloading 0 native plugins for Editor in 0.00 ms.
Unloading 1607 Unused Serialized files (Serialized files now loaded: 0)
System memory in use before: 78.1 MB.
System memory in use after: 78.1 MB.

Unloading 15 unused Assets to reduce memory usage. Loaded Objects now: 2070.
Total: 3.085673 ms (FindLiveObjects: 0.223114 ms CreateObjectMapping: 0.074966 ms MarkObjects: 2.680944 ms  DeleteObjects: 0.104418 ms)

========================================================================
Received Import Request.
  Time since last request: 533.692532 seconds.
  path: Assets/Scripts/Enemy.cs
  artifactKey: Guid(41a978c026a806947864102812ba8aaa) Importer(815301076,1909f56bfc062723c751e8b465ee728b)
Start importing Assets/Scripts/Enemy.cs using Guid(41a978c026a806947864102812ba8aaa) Importer(815301076,1909f56bfc062723c751e8b465ee728b)  -> (artifact id: '4899e5ecc41562b2781034413e548a94') in 0.014296 seconds
  Import took 0.047718 seconds .

========================================================================
Received Prepare
Registering precompiled user dll's ...
Registered in 0.007380 seconds.
Begin MonoManager ReloadAssembly
Native extension for WindowsStandalone target not found
Native extension for WebGL target not found
Refreshing native plugins compatible for Editor in 1.08 ms, found 2 plugins.
Preloading 0 native plugins for Editor in 0.00 ms.
Mono: successfully reloaded assembly
- Completed reload, in  2.677 seconds
Platform modules already initialized, skipping
Refreshing native plugins compatible for Editor in 0.78 ms, found 2 plugins.
Preloading 0 native plugins for Editor in 0.00 ms.
Unloading 1607 Unused Serialized files (Serialized files now loaded: 0)
System memory in use before: 78.1 MB.
System memory in use after: 78.2 MB.

Unloading 15 unused Assets to reduce memory usage. Loaded Objects now: 2073.
Total: 3.535918 ms (FindLiveObjects: 0.227577 ms CreateObjectMapping: 0.092816 ms MarkObjects: 3.111555 ms  DeleteObjects: 0.102186 ms)

========================================================================
Received Prepare
Registering precompiled user dll's ...
Registered in 0.006223 seconds.
Begin MonoManager ReloadAssembly
Native extension for WindowsStandalone target not found
Native extension for WebGL target not found
Refreshing native plugins compatible for Editor in 0.77 ms, found 2 plugins.
Preloading 0 native plugins for Editor in 0.00 ms.
Mono: successfully reloaded assembly
- Completed reload, in  1.908 seconds
Platform modules already initialized, skipping
Refreshing native plugins compatible for Editor in 0.87 ms, found 2 plugins.
Preloading 0 native plugins for Editor in 0.00 ms.
Unloading 1607 Unused Serialized files (Serialized files now loaded: 0)
System memory in use before: 78.1 MB.
System memory in use after: 78.2 MB.

Unloading 15 unused Assets to reduce memory usage. Loaded Objects now: 2076.
Total: 3.701023 ms (FindLiveObjects: 0.282463 ms CreateObjectMapping: 0.091923 ms MarkObjects: 3.227574 ms  DeleteObjects: 0.097278 ms)

========================================================================
Received Import Request.
  Time since last request: 523.573965 seconds.
  path: Assets/Prefabs/Enemy.prefab
  artifactKey: Guid(e777f60f702e47349ab20e24adc52764) Importer(815301076,1909f56bfc062723c751e8b465ee728b)
Start importing Assets/Prefabs/Enemy.prefab using Guid(e777f60f702e47349ab20e24adc52764) Importer(815301076,1909f56bfc062723c751e8b465ee728b)  -> (artifact id: '816d40fdd4f7a65d96c0aab34431aa7b') in 0.177618 seconds
  Import took 0.216783 seconds .

========================================================================
Received Prepare
Registering precompiled user dll's ...
Registered in 0.005325 seconds.
Begin MonoManager ReloadAssembly
Native extension for WindowsStandalone target not found
Native extension for WebGL target not found
Refreshing native plugins compatible for Editor in 0.71 ms, found 2 plugins.
Preloading 0 native plugins for Editor in 0.00 ms.
Mono: successfully reloaded assembly
- Completed reload, in  1.791 seconds
Platform modules already initialized, skipping
Refreshing native plugins compatible for Editor in 0.93 ms, found 2 plugins.
Preloading 0 native plugins for Editor in 0.00 ms.
Unloading 1607 Unused Serialized files (Serialized files now loaded: 0)
System memory in use before: 78.1 MB.
System memory in use after: 78.2 MB.

Unloading 15 unused Assets to reduce memory usage. Loaded Objects now: 2080.
Total: 3.194999 ms (FindLiveObjects: 0.204373 ms CreateObjectMapping: 0.085230 ms MarkObjects: 2.795178 ms  DeleteObjects: 0.107987 ms)

========================================================================
Received Import Request.
  Time since last request: 60.689595 seconds.
  path: Assets/Scripts/Enemy.cs
  artifactKey: Guid(41a978c026a806947864102812ba8aaa) Importer(815301076,1909f56bfc062723c751e8b465ee728b)
Start importing Assets/Scripts/Enemy.cs using Guid(41a978c026a806947864102812ba8aaa) Importer(815301076,1909f56bfc062723c751e8b465ee728b)  -> (artifact id: 'b3debbcc3d3dbf198ea419add385204d') in 0.009686 seconds
  Import took 0.014557 seconds .

========================================================================
Received Import Request.
  Time since last request: 2.953292 seconds.
  path: Assets/Scripts/Enemy.cs
  artifactKey: Guid(41a978c026a806947864102812ba8aaa) Importer(815301076,1909f56bfc062723c751e8b465ee728b)
Start importing Assets/Scripts/Enemy.cs using Guid(41a978c026a806947864102812ba8aaa) Importer(815301076,1909f56bfc062723c751e8b465ee728b)  -> (artifact id: 'b3debbcc3d3dbf198ea419add385204d') in 0.008411 seconds
  Import took 0.053246 seconds .

========================================================================
Received Prepare
Registering precompiled user dll's ...
Registered in 0.029592 seconds.
Begin MonoManager ReloadAssembly
Native extension for WindowsStandalone target not found
Native extension for WebGL target not found
Refreshing native plugins compatible for Editor in 0.72 ms, found 2 plugins.
Preloading 0 native plugins for Editor in 0.00 ms.
Mono: successfully reloaded assembly
- Completed reload, in  1.760 seconds
Platform modules already initialized, skipping
Refreshing native plugins compatible for Editor in 0.69 ms, found 2 plugins.
Preloading 0 native plugins for Editor in 0.00 ms.
Unloading 1607 Unused Serialized files (Serialized files now loaded: 0)
System memory in use before: 78.1 MB.
System memory in use after: 78.2 MB.

Unloading 15 unused Assets to reduce memory usage. Loaded Objects now: 2083.
Total: 3.210171 ms (FindLiveObjects: 0.200803 ms CreateObjectMapping: 0.073182 ms MarkObjects: 2.848726 ms  DeleteObjects: 0.084784 ms)

========================================================================
Received Import Request.
  Time since last request: 93.237331 seconds.
  path: Assets/Scripts/Heart.cs
  artifactKey: Guid(2d85c59a72d482d44b27aaf1fe7370d5) Importer(815301076,1909f56bfc062723c751e8b465ee728b)
Start importing Assets/Scripts/Heart.cs using Guid(2d85c59a72d482d44b27aaf1fe7370d5) Importer(815301076,1909f56bfc062723c751e8b465ee728b)  -> (artifact id: 'd542ed82ac64548f2469607ca98f9ed9') in 0.008509 seconds
  Import took 0.046883 seconds .

========================================================================
Received Prepare
Registering precompiled user dll's ...
Registered in 0.006592 seconds.
Begin MonoManager ReloadAssembly
Native extension for WindowsStandalone target not found
Native extension for WebGL target not found
Refreshing native plugins compatible for Editor in 0.66 ms, found 2 plugins.
Preloading 0 native plugins for Editor in 0.00 ms.
Mono: successfully reloaded assembly
- Completed reload, in  1.903 seconds
Platform modules already initialized, skipping
Refreshing native plugins compatible for Editor in 0.70 ms, found 2 plugins.
Preloading 0 native plugins for Editor in 0.00 ms.
Unloading 1607 Unused Serialized files (Serialized files now loaded: 0)
System memory in use before: 78.1 MB.
System memory in use after: 78.2 MB.

Unloading 15 unused Assets to reduce memory usage. Loaded Objects now: 2086.
Total: 3.259256 ms (FindLiveObjects: 0.203927 ms CreateObjectMapping: 0.073628 ms MarkObjects: 2.893349 ms  DeleteObjects: 0.086122 ms)

========================================================================
Received Prepare
Registering precompiled user dll's ...
Registered in 0.006635 seconds.
Begin MonoManager ReloadAssembly
Native extension for WindowsStandalone target not found
Native extension for WebGL target not found
Refreshing native plugins compatible for Editor in 0.81 ms, found 2 plugins.
Preloading 0 native plugins for Editor in 0.00 ms.
Mono: successfully reloaded assembly
- Completed reload, in  1.859 seconds
Platform modules already initialized, skipping
Refreshing native plugins compatible for Editor in 0.76 ms, found 2 plugins.
Preloading 0 native plugins for Editor in 0.00 ms.
Unloading 1607 Unused Serialized files (Serialized files now loaded: 0)
System memory in use before: 78.1 MB.
System memory in use after: 78.2 MB.

Unloading 15 unused Assets to reduce memory usage. Loaded Objects now: 2089.
Total: 3.575633 ms (FindLiveObjects: 0.236501 ms CreateObjectMapping: 0.091031 ms MarkObjects: 3.138328 ms  DeleteObjects: 0.107095 ms)

========================================================================
Received Prepare
Refreshing native plugins compatible for Editor in 6.61 ms, found 2 plugins.
Preloading 0 native plugins for Editor in 0.00 ms.
Unloading 13 Unused Serialized files (Serialized files now loaded: 0)
System memory in use before: 46.1 MB.
System memory in use after: 46.1 MB.

Unloading 13 unused Assets to reduce memory usage. Loaded Objects now: 2089.
Total: 4.677818 ms (FindLiveObjects: 0.213297 ms CreateObjectMapping: 0.079875 ms MarkObjects: 4.236498 ms  DeleteObjects: 0.145471 ms)

========================================================================
Received Prepare
Registering precompiled user dll's ...
Registered in 0.009203 seconds.
Begin MonoManager ReloadAssembly
Native extension for WindowsStandalone target not found
Native extension for WebGL target not found
Refreshing native plugins compatible for Editor in 0.75 ms, found 2 plugins.
Preloading 0 native plugins for Editor in 0.00 ms.
Mono: successfully reloaded assembly
- Completed reload, in  2.394 seconds
Platform modules already initialized, skipping
Refreshing native plugins compatible for Editor in 0.75 ms, found 2 plugins.
Preloading 0 native plugins for Editor in 0.00 ms.
Unloading 1607 Unused Serialized files (Serialized files now loaded: 0)
System memory in use before: 78.1 MB.
System memory in use after: 78.2 MB.

Unloading 15 unused Assets to reduce memory usage. Loaded Objects now: 2092.
Total: 6.621592 ms (FindLiveObjects: 0.402499 ms CreateObjectMapping: 0.114235 ms MarkObjects: 5.991070 ms  DeleteObjects: 0.110219 ms)

========================================================================
Received Prepare
Registering precompiled user dll's ...
Registered in 0.010640 seconds.
Begin MonoManager ReloadAssembly
Native extension for WindowsStandalone target not found
Native extension for WebGL target not found
Refreshing native plugins compatible for Editor in 0.92 ms, found 2 plugins.
Preloading 0 native plugins for Editor in 0.00 ms.
Mono: successfully reloaded assembly
- Completed reload, in  3.761 seconds
Platform modules already initialized, skipping
Refreshing native plugins compatible for Editor in 0.74 ms, found 2 plugins.
Preloading 0 native plugins for Editor in 0.00 ms.
Unloading 1607 Unused Serialized files (Serialized files now loaded: 0)
System memory in use before: 78.1 MB.
System memory in use after: 78.2 MB.

Unloading 15 unused Assets to reduce memory usage. Loaded Objects now: 2095.
Total: 5.147251 ms (FindLiveObjects: 0.381972 ms CreateObjectMapping: 0.125390 ms MarkObjects: 4.511821 ms  DeleteObjects: 0.125390 ms)

========================================================================
Received Prepare
Registering precompiled user dll's ...
Registered in 0.008228 seconds.
Begin MonoManager ReloadAssembly
Native extension for WindowsStandalone target not found
Native extension for WebGL target not found
Refreshing native plugins compatible for Editor in 0.77 ms, found 2 plugins.
Preloading 0 native plugins for Editor in 0.00 ms.
Mono: successfully reloaded assembly
- Completed reload, in  1.708 seconds
Platform modules already initialized, skipping
Refreshing native plugins compatible for Editor in 2.66 ms, found 2 plugins.
Preloading 0 native plugins for Editor in 0.00 ms.
Unloading 1607 Unused Serialized files (Serialized files now loaded: 0)
System memory in use before: 78.2 MB.
System memory in use after: 78.2 MB.

Unloading 15 unused Assets to reduce memory usage. Loaded Objects now: 2098.
Total: 4.352071 ms (FindLiveObjects: 0.236501 ms CreateObjectMapping: 0.106649 ms MarkObjects: 3.915213 ms  DeleteObjects: 0.091923 ms)

========================================================================
Received Prepare
Registering precompiled user dll's ...
Registered in 0.009116 seconds.
Begin MonoManager ReloadAssembly
Native extension for WindowsStandalone target not found
Native extension for WebGL target not found
Refreshing native plugins compatible for Editor in 0.78 ms, found 2 plugins.
Preloading 0 native plugins for Editor in 0.00 ms.
Mono: successfully reloaded assembly
- Completed reload, in  2.447 seconds
Platform modules already initialized, skipping
Refreshing native plugins compatible for Editor in 2.67 ms, found 2 plugins.
Preloading 0 native plugins for Editor in 0.00 ms.
Unloading 1607 Unused Serialized files (Serialized files now loaded: 0)
System memory in use before: 78.2 MB.
System memory in use after: 78.2 MB.

Unloading 15 unused Assets to reduce memory usage. Loaded Objects now: 2101.
Total: 7.727347 ms (FindLiveObjects: 0.348059 ms CreateObjectMapping: 0.099509 ms MarkObjects: 7.095487 ms  DeleteObjects: 0.178045 ms)

========================================================================
Received Prepare
Registering precompiled user dll's ...
Registered in 0.006105 seconds.
Begin MonoManager ReloadAssembly
Native extension for WindowsStandalone target not found
Native extension for WebGL target not found
Refreshing native plugins compatible for Editor in 0.75 ms, found 2 plugins.
Preloading 0 native plugins for Editor in 0.00 ms.
Mono: successfully reloaded assembly
- Completed reload, in  2.087 seconds
Platform modules already initialized, skipping
Refreshing native plugins compatible for Editor in 0.74 ms, found 2 plugins.
Preloading 0 native plugins for Editor in 0.00 ms.
Unloading 1607 Unused Serialized files (Serialized files now loaded: 0)
System memory in use before: 78.2 MB.
System memory in use after: 78.3 MB.

Unloading 15 unused Assets to reduce memory usage. Loaded Objects now: 2104.
Total: 3.501559 ms (FindLiveObjects: 0.237840 ms CreateObjectMapping: 0.090138 ms MarkObjects: 3.080319 ms  DeleteObjects: 0.090138 ms)

========================================================================
Received Prepare
Registering precompiled user dll's ...
Registered in 0.005196 seconds.
Begin MonoManager ReloadAssembly
Native extension for WindowsStandalone target not found
Native extension for WebGL target not found
Refreshing native plugins compatible for Editor in 0.78 ms, found 2 plugins.
Preloading 0 native plugins for Editor in 0.00 ms.
Mono: successfully reloaded assembly
- Completed reload, in  1.597 seconds
Platform modules already initialized, skipping
Refreshing native plugins compatible for Editor in 0.70 ms, found 2 plugins.
Preloading 0 native plugins for Editor in 0.00 ms.
Unloading 1607 Unused Serialized files (Serialized files now loaded: 0)
System memory in use before: 78.2 MB.
System memory in use after: 78.3 MB.

Unloading 15 unused Assets to reduce memory usage. Loaded Objects now: 2107.
Total: 3.279337 ms (FindLiveObjects: 0.306559 ms CreateObjectMapping: 0.080321 ms MarkObjects: 2.802764 ms  DeleteObjects: 0.087015 ms)

========================================================================
Received Prepare
Registering precompiled user dll's ...
Registered in 0.007863 seconds.
Begin MonoManager ReloadAssembly
Native extension for WindowsStandalone target not found
Native extension for WebGL target not found
Refreshing native plugins compatible for Editor in 0.69 ms, found 2 plugins.
Preloading 0 native plugins for Editor in 0.00 ms.
Mono: successfully reloaded assembly
- Completed reload, in  1.976 seconds
Platform modules already initialized, skipping
Refreshing native plugins compatible for Editor in 0.68 ms, found 2 plugins.
Preloading 0 native plugins for Editor in 0.00 ms.
Unloading 1607 Unused Serialized files (Serialized files now loaded: 0)
System memory in use before: 78.2 MB.
System memory in use after: 78.3 MB.

Unloading 15 unused Assets to reduce memory usage. Loaded Objects now: 2110.
Total: 3.128957 ms (FindLiveObjects: 0.213297 ms CreateObjectMapping: 0.078090 ms MarkObjects: 2.737615 ms  DeleteObjects: 0.096832 ms)

========================================================================
Received Prepare
Registering precompiled user dll's ...
Registered in 0.006756 seconds.
Begin MonoManager ReloadAssembly
Native extension for WindowsStandalone target not found
Native extension for WebGL target not found
Refreshing native plugins compatible for Editor in 0.69 ms, found 2 plugins.
Preloading 0 native plugins for Editor in 0.00 ms.
Mono: successfully reloaded assembly
- Completed reload, in  1.904 seconds
Platform modules already initialized, skipping
Refreshing native plugins compatible for Editor in 0.71 ms, found 2 plugins.
Preloading 0 native plugins for Editor in 0.00 ms.
Unloading 1607 Unused Serialized files (Serialized files now loaded: 0)
System memory in use before: 78.2 MB.
System memory in use after: 78.3 MB.

Unloading 15 unused Assets to reduce memory usage. Loaded Objects now: 2113.
Total: 3.675588 ms (FindLiveObjects: 0.373494 ms CreateObjectMapping: 0.105756 ms MarkObjects: 3.097721 ms  DeleteObjects: 0.088800 ms)

========================================================================
Received Prepare
Registering precompiled user dll's ...
Registered in 0.007708 seconds.
Begin MonoManager ReloadAssembly
Native extension for WindowsStandalone target not found
Native extension for WebGL target not found
Refreshing native plugins compatible for Editor in 1.12 ms, found 2 plugins.
Preloading 0 native plugins for Editor in 0.00 ms.
Mono: successfully reloaded assembly
- Completed reload, in  2.280 seconds
Platform modules already initialized, skipping
Refreshing native plugins compatible for Editor in 0.79 ms, found 2 plugins.
Preloading 0 native plugins for Editor in 0.00 ms.
Unloading 1607 Unused Serialized files (Serialized files now loaded: 0)
System memory in use before: 78.2 MB.
System memory in use after: 78.3 MB.

Unloading 15 unused Assets to reduce memory usage. Loaded Objects now: 2116.
Total: 3.397141 ms (FindLiveObjects: 0.310575 ms CreateObjectMapping: 0.152164 ms MarkObjects: 2.841586 ms  DeleteObjects: 0.090584 ms)

========================================================================
Received Prepare
Registering precompiled user dll's ...
Registered in 0.007554 seconds.
Begin MonoManager ReloadAssembly
Native extension for WindowsStandalone target not found
Native extension for WebGL target not found
Refreshing native plugins compatible for Editor in 1.27 ms, found 2 plugins.
Preloading 0 native plugins for Editor in 0.00 ms.
Mono: successfully reloaded assembly
- Completed reload, in  2.706 seconds
Platform modules already initialized, skipping
Refreshing native plugins compatible for Editor in 1.27 ms, found 2 plugins.
Preloading 0 native plugins for Editor in 0.00 ms.
Unloading 1607 Unused Serialized files (Serialized files now loaded: 0)
System memory in use before: 78.2 MB.
System memory in use after: 78.3 MB.

Unloading 15 unused Assets to reduce memory usage. Loaded Objects now: 2119.
Total: 4.777327 ms (FindLiveObjects: 0.369478 ms CreateObjectMapping: 0.103079 ms MarkObjects: 4.191875 ms  DeleteObjects: 0.109772 ms)

========================================================================
Received Prepare
Registering precompiled user dll's ...
Registered in 0.011346 seconds.
Begin MonoManager ReloadAssembly
Native extension for WindowsStandalone target not found
Native extension for WebGL target not found
Refreshing native plugins compatible for Editor in 0.74 ms, found 2 plugins.
Preloading 0 native plugins for Editor in 0.00 ms.
Mono: successfully reloaded assembly
- Completed reload, in  2.238 seconds
Platform modules already initialized, skipping
Refreshing native plugins compatible for Editor in 0.75 ms, found 2 plugins.
Preloading 0 native plugins for Editor in 0.00 ms.
Unloading 1607 Unused Serialized files (Serialized files now loaded: 0)
System memory in use before: 78.2 MB.
System memory in use after: 78.3 MB.

Unloading 15 unused Assets to reduce memory usage. Loaded Objects now: 2122.
Total: 3.748323 ms (FindLiveObjects: 0.366800 ms CreateObjectMapping: 0.125837 ms MarkObjects: 3.153500 ms  DeleteObjects: 0.099955 ms)

========================================================================
Received Prepare
Registering precompiled user dll's ...
Registered in 0.006682 seconds.
Begin MonoManager ReloadAssembly
Native extension for WindowsStandalone target not found
Native extension for WebGL target not found
Refreshing native plugins compatible for Editor in 0.84 ms, found 2 plugins.
Preloading 0 native plugins for Editor in 0.00 ms.
Mono: successfully reloaded assembly
- Completed reload, in  2.588 seconds
Platform modules already initialized, skipping
Refreshing native plugins compatible for Editor in 0.79 ms, found 2 plugins.
Preloading 0 native plugins for Editor in 0.00 ms.
Unloading 1607 Unused Serialized files (Serialized files now loaded: 0)
System memory in use before: 78.2 MB.
System memory in use after: 78.3 MB.

Unloading 15 unused Assets to reduce memory usage. Loaded Objects now: 2125.
Total: 3.431055 ms (FindLiveObjects: 0.332441 ms CreateObjectMapping: 0.093708 ms MarkObjects: 2.903612 ms  DeleteObjects: 0.097278 ms)

========================================================================
Received Prepare
Registering precompiled user dll's ...
Registered in 0.009749 seconds.
Begin MonoManager ReloadAssembly
Native extension for WindowsStandalone target not found
Native extension for WebGL target not found
Refreshing native plugins compatible for Editor in 1.18 ms, found 2 plugins.
Preloading 0 native plugins for Editor in 0.00 ms.
Mono: successfully reloaded assembly
- Completed reload, in  3.250 seconds
Platform modules already initialized, skipping
Refreshing native plugins compatible for Editor in 1.15 ms, found 2 plugins.
Preloading 0 native plugins for Editor in 0.00 ms.
Unloading 1607 Unused Serialized files (Serialized files now loaded: 0)
System memory in use before: 78.2 MB.
System memory in use after: 78.3 MB.

Unloading 15 unused Assets to reduce memory usage. Loaded Objects now: 2128.
Total: 6.701020 ms (FindLiveObjects: 0.396251 ms CreateObjectMapping: 0.196787 ms MarkObjects: 5.879959 ms  DeleteObjects: 0.222222 ms)

========================================================================
Received Prepare
Registering precompiled user dll's ...
Registered in 0.007592 seconds.
Begin MonoManager ReloadAssembly
Native extension for WindowsStandalone target not found
Native extension for WebGL target not found
Refreshing native plugins compatible for Editor in 0.77 ms, found 2 plugins.
Preloading 0 native plugins for Editor in 0.00 ms.
Mono: successfully reloaded assembly
- Completed reload, in  2.239 seconds
Platform modules already initialized, skipping
Refreshing native plugins compatible for Editor in 0.69 ms, found 2 plugins.
Preloading 0 native plugins for Editor in 0.00 ms.
Unloading 1607 Unused Serialized files (Serialized files now loaded: 0)
System memory in use before: 78.2 MB.
System memory in use after: 78.3 MB.

Unloading 15 unused Assets to reduce memory usage. Loaded Objects now: 2131.
Total: 3.319943 ms (FindLiveObjects: 0.219991 ms CreateObjectMapping: 0.080321 ms MarkObjects: 2.929047 ms  DeleteObjects: 0.087907 ms)

========================================================================
Received Prepare
Registering precompiled user dll's ...
Registered in 0.006087 seconds.
Begin MonoManager ReloadAssembly
Native extension for WindowsStandalone target not found
Native extension for WebGL target not found
Refreshing native plugins compatible for Editor in 1.09 ms, found 2 plugins.
Preloading 0 native plugins for Editor in 0.00 ms.
Mono: successfully reloaded assembly
- Completed reload, in  1.901 seconds
Platform modules already initialized, skipping
Refreshing native plugins compatible for Editor in 0.75 ms, found 2 plugins.
Preloading 0 native plugins for Editor in 0.00 ms.
Unloading 1607 Unused Serialized files (Serialized files now loaded: 0)
System memory in use before: 78.2 MB.
System memory in use after: 78.3 MB.

Unloading 15 unused Assets to reduce memory usage. Loaded Objects now: 2134.
Total: 3.568939 ms (FindLiveObjects: 0.237394 ms CreateObjectMapping: 0.090584 ms MarkObjects: 3.140113 ms  DeleteObjects: 0.098170 ms)

========================================================================
Received Prepare
Registering precompiled user dll's ...
Registered in 0.005329 seconds.
Begin MonoManager ReloadAssembly
Native extension for WindowsStandalone target not found
Native extension for WebGL target not found
Refreshing native plugins compatible for Editor in 0.73 ms, found 2 plugins.
Preloading 0 native plugins for Editor in 0.00 ms.
Mono: successfully reloaded assembly
- Completed reload, in  1.708 seconds
Platform modules already initialized, skipping
Refreshing native plugins compatible for Editor in 0.96 ms, found 2 plugins.
Preloading 0 native plugins for Editor in 0.00 ms.
Unloading 1607 Unused Serialized files (Serialized files now loaded: 0)
System memory in use before: 78.2 MB.
System memory in use after: 78.3 MB.

Unloading 15 unused Assets to reduce memory usage. Loaded Objects now: 2137.
Total: 3.390448 ms (FindLiveObjects: 0.224899 ms CreateObjectMapping: 0.086122 ms MarkObjects: 2.986610 ms  DeleteObjects: 0.091477 ms)

========================================================================
Received Prepare
Registering precompiled user dll's ...
Registered in 0.006419 seconds.
Begin MonoManager ReloadAssembly
Native extension for WindowsStandalone target not found
Native extension for WebGL target not found
Refreshing native plugins compatible for Editor in 0.71 ms, found 2 plugins.
Preloading 0 native plugins for Editor in 0.00 ms.
Mono: successfully reloaded assembly
- Completed reload, in  1.713 seconds
Platform modules already initialized, skipping
Refreshing native plugins compatible for Editor in 0.70 ms, found 2 plugins.
Preloading 0 native plugins for Editor in 0.00 ms.
Unloading 1607 Unused Serialized files (Serialized files now loaded: 0)
System memory in use before: 78.3 MB.
System memory in use after: 78.3 MB.

Unloading 15 unused Assets to reduce memory usage. Loaded Objects now: 2140.
Total: 9.479242 ms (FindLiveObjects: 0.600624 ms CreateObjectMapping: 0.258813 ms MarkObjects: 8.372148 ms  DeleteObjects: 0.242749 ms)

AssetImportWorkerClient::OnTransportError - code=2 error=End of file
